Build started 2016/3/29 上午 01:37:07.
     1>Project "D:\學校\課堂作業\程式設計\hw9_A1045516\hw9_A1045516\hw9_A1045516.vcxproj" on node 2 (build target(s)).
     1>InitializeBuildStatus:
         Creating "Debug\hw9_A1045516.unsuccessfulbuild" because "AlwaysCreate" was specified.
       ClCompile:
         C:\Program Files (x86)\Microsoft Visual Studio 10.0\VC\bin\CL.exe /c /ZI /nologo /W3 /WX- /Od /Oy- /D WIN32 /D _DEBUG /D _CONSOLE /D _UNICODE /D UNICODE /Gm /EHsc /RTC1 /MDd /GS /fp:precise /Zc:wchar_t /Zc:forScope /Fo"Debug\\" /Fd"Debug\vc100.pdb" /Gd /TP /analyze- /errorReport:prompt hw9_A1045516.cpp
         hw9_A1045516.cpp
     1>d:\學校\課堂作業\程式設計\hw9_a1045516\hw9_a1045516\hw9_a1045516.cpp(40): warning C4244: 'argument' : conversion from 'time_t' to 'unsigned int', possible loss of data
     1>d:\學校\課堂作業\程式設計\hw9_a1045516\hw9_a1045516\hw9_a1045516.cpp(45): warning C4996: 'getch': The POSIX name for this item is deprecated. Instead, use the ISO C++ conformant name: _getch. See online help for details.
                 c:\program files (x86)\microsoft visual studio 10.0\vc\include\conio.h(128) : see declaration of 'getch'
     1>d:\學校\課堂作業\程式設計\hw9_a1045516\hw9_a1045516\hw9_a1045516.cpp(99): warning C4996: 'getch': The POSIX name for this item is deprecated. Instead, use the ISO C++ conformant name: _getch. See online help for details.
                 c:\program files (x86)\microsoft visual studio 10.0\vc\include\conio.h(128) : see declaration of 'getch'
     1>d:\學校\課堂作業\程式設計\hw9_a1045516\hw9_a1045516\hw9_a1045516.cpp(245): warning C4996: 'getch': The POSIX name for this item is deprecated. Instead, use the ISO C++ conformant name: _getch. See online help for details.
                 c:\program files (x86)\microsoft visual studio 10.0\vc\include\conio.h(128) : see declaration of 'getch'
     1>d:\學校\課堂作業\程式設計\hw9_a1045516\hw9_a1045516\hw9_a1045516.cpp(264): warning C4996: 'getch': The POSIX name for this item is deprecated. Instead, use the ISO C++ conformant name: _getch. See online help for details.
                 c:\program files (x86)\microsoft visual studio 10.0\vc\include\conio.h(128) : see declaration of 'getch'
     1>d:\學校\課堂作業\程式設計\hw9_a1045516\hw9_a1045516\hw9_a1045516.cpp(283): warning C4996: 'getch': The POSIX name for this item is deprecated. Instead, use the ISO C++ conformant name: _getch. See online help for details.
                 c:\program files (x86)\microsoft visual studio 10.0\vc\include\conio.h(128) : see declaration of 'getch'
       ManifestResourceCompile:
         All outputs are up-to-date.
       Link:
         C:\Program Files (x86)\Microsoft Visual Studio 10.0\VC\bin\link.exe /ERRORREPORT:PROMPT /OUT:"D:\學校\課堂作業\程式設計\hw9_A1045516\Debug\hw9_A1045516.exe" /INCREMENTAL /NOLOGO kernel32.lib user32.lib gdi32.lib winspool.lib comdlg32.lib advapi32.lib shell32.lib ole32.lib oleaut32.lib uuid.lib odbc32.lib odbccp32.lib /MANIFEST /ManifestFile:"Debug\hw9_A1045516.exe.intermediate.manifest" /MANIFESTUAC:"level='asInvoker' uiAccess='false'" /DEBUG /PDB:"D:\學校\課堂作業\程式設計\hw9_A1045516\Debug\hw9_A1045516.pdb" /SUBSYSTEM:CONSOLE /TLBID:1 /DYNAMICBASE /NXCOMPAT /IMPLIB:"D:\學校\課堂作業\程式設計\hw9_A1045516\Debug\hw9_A1045516.lib" /MACHINE:X86 Debug\hw9_A1045516.exe.embed.manifest.res
         Debug\hw9_A1045516.obj
       Manifest:
         C:\Program Files (x86)\Microsoft SDKs\Windows\v7.0A\bin\mt.exe /nologo /verbose /out:"Debug\hw9_A1045516.exe.embed.manifest" /manifest Debug\hw9_A1045516.exe.intermediate.manifest
         All outputs are up-to-date.
       LinkEmbedManifest:
         All outputs are up-to-date.
         hw9_A1045516.vcxproj -> D:\學校\課堂作業\程式設計\hw9_A1045516\Debug\hw9_A1045516.exe
       FinalizeBuildStatus:
         Deleting file "Debug\hw9_A1045516.unsuccessfulbuild".
         Touching "Debug\hw9_A1045516.lastbuildstate".
     1>Done Building Project "D:\學校\課堂作業\程式設計\hw9_A1045516\hw9_A1045516\hw9_A1045516.vcxproj" (build target(s)).

Build succeeded.

Time Elapsed 00:00:00.79
